0 info it worked if it ends with ok
1 verbose cli [ '/usr/bin/node', '/usr/bin/npm', 'publish' ]
2 info using npm@3.9.3
3 info using node@v6.2.0
4 verbose publish [ '.' ]
5 silly cache add args [ '.', null ]
6 verbose cache add spec .
7 silly cache add parsed spec Result {
7 silly cache add   raw: '.',
7 silly cache add   scope: null,
7 silly cache add   name: null,
7 silly cache add   rawSpec: '.',
7 silly cache add   spec: '/home/ilebedev/projects/mysql-easy',
7 silly cache add   type: 'directory' }
8 verbose addLocalDirectory /home/ilebedev/.npm/mysql-easy/0.0.8/package.tgz not in flight; packing
9 verbose correctMkdir /home/ilebedev/.npm correctMkdir not in flight; initializing
10 info lifecycle mysql-easy@0.0.8~prepublish: mysql-easy@0.0.8
11 silly lifecycle mysql-easy@0.0.8~prepublish: no script for prepublish, continuing
12 verbose tar pack [ '/home/ilebedev/.npm/mysql-easy/0.0.8/package.tgz',
12 verbose tar pack   '/home/ilebedev/projects/mysql-easy' ]
13 verbose tarball /home/ilebedev/.npm/mysql-easy/0.0.8/package.tgz
14 verbose folder /home/ilebedev/projects/mysql-easy
15 verbose addLocalTarball adding from inside cache /home/ilebedev/.npm/mysql-easy/0.0.8/package.tgz
16 verbose correctMkdir /home/ilebedev/.npm correctMkdir not in flight; initializing
17 silly cache afterAdd mysql-easy@0.0.8
18 verbose afterAdd /home/ilebedev/.npm/mysql-easy/0.0.8/package/package.json not in flight; writing
19 verbose correctMkdir /home/ilebedev/.npm correctMkdir not in flight; initializing
20 verbose afterAdd /home/ilebedev/.npm/mysql-easy/0.0.8/package/package.json written
21 silly publish { name: 'mysql-easy',
21 silly publish   version: '0.0.8',
21 silly publish   description: 'MySQL driver wrapper for easy work (with promises)',
21 silly publish   main: 'index.js',
21 silly publish   scripts: { test: 'node test/test1.js' },
21 silly publish   keywords: [ 'mysql', 'promise' ],
21 silly publish   repository:
21 silly publish    { type: 'git',
21 silly publish      url: 'git+https://github.com/Bacher/mysql-easy.git' },
21 silly publish   author: { name: 'Bacher', email: 'bacherko@gmail.com' },
21 silly publish   license: 'ISC',
21 silly publish   dependencies: { mysql: '^2.11.1' },
21 silly publish   files: [ 'index.js', 'test/', 'README.md' ],
21 silly publish   readme: '# MySQL driver wrapper for easy work (with promises)\n\nParameter **fields** in all methods can be one of:\n  * Array - `[\'id\', \'user_name\']`\n  * Object - key - colomn name, value - result field name `{ id: \'id\', user_name\': \'userName\' }`\n  * String - `\'id, user_name AS userName\'` (raw format)\n  \nParameter **where** in all methods can be one of:\n  * Object - `{ id: 12, age: 27 }` equal is `id = 12 AND age = 27` \n  * String - `\'balance > 12 OR age < 30\'` (raw format)\n\n\n### Initial: \n````javascript\nvar mysqlEasy = require(\'mysql-easy\');\n````\n\n## Static methods:\n\n#### Method "createConnection" and "createPool":\n(arguments similar to methods with same names in module "mysql" https://www.npmjs.com/package/mysql)\n````javascript\nvar db = mysqlEasy.createPool({\n    host: \'localhost\',\n    database: \'test\',\n    user: \'root\',\n    password: \'\'\n});\n````\n\n#### Method "format":\n *  **sqlQuery**: string\n *  **params**: Array _(optional)_\n````javascript\nmysqlEasy.format(\'SELECT * FROM ?? WHERE id = ?\', [\'users\', 12])\n> "SELECT * FROM `users` WHERE id = \'12\'"\n````\n\n## Methods:\n\n#### Method "query":\n(method similar to "query" in module "mysql" https://www.npmjs.com/package/mysql)\n *  **sqlQuery**: string\n *  **params**: Array _(optional)_\n````javascript\ndb.query(\'SELECT * FROM `users` WHERE `id` = ?\', [12]).then(results => ...).catch(err => ...);\n````\n\n#### Method "select":\n *  **params**: Object\n     *  **table**: string\n     *  **fields**: Array|Object|string _(optional)_\n     *  **where**: Object|string _(optional)_\n     *  **limit**: number _(optional)_\n     *  **offset**: number _(optional)_\n````javascript\ndb.select({\n    table: \'users\',\n    fields: [\'id\', \'user_name\'],\n    where: { id: 12 }\n).then(results => ...);\n````\n\n#### Method "selectOne":\n *  **params**: Object\n     *  **table**: string\n     *  **fields**: Array|Object|string _(optional)_\n     *  **where**: Object|string _(optional)_\n````javascript\ndb.selectOne({\n    table: \'users\',\n    fields: [\'id\', \'user_name\'],\n    where: { id: 12 }\n).then(user => {\n    console.log(user[\'id\']);\n    console.log(user[\'user_name\']);\n});\n````\n\n#### Method "selectExactOne" (like selectOne but throw error if item not found):\n *  **params**: Object\n     *  **table**: string\n     *  **fields**: Array|Object|string _(optional)_\n     *  **where**: Object|string _(optional)_\n````javascript\ndb.selectExactOne({\n    table: \'users\',\n    fields: [\'id\', \'user_name\'],\n    where: { id: 12 }\n).catch(err => {\n    console.error(err);\n});\n````\n\n#### Method "insert":\n *  **tableName**: string\n *  **data**: Object\n````javascript\ndb.insert(\'users\', {\n    user_name: \'user#331\',\n    age: 30\n}).then(result => {\n    console.log(\'New user ID: %s\', result.insertId);\n});\n````\n\n#### Method "update":\n *  **tableName**: string\n *  **data**: Object\n *  **where**: Object|string\n````javascript\ndb.update(\'users\', newUserState, {\n    id: 12\n}).then(...);\n````\n\n#### Method "delete" or "deleteFrom":\n *  **tableName**: string\n *  **where**: Object|string\n````javascript\ndb.delete(\'users\', { id: 12 }).then(...);\n````\n\n#### Method "end" or "close":\n````javascript\ndb.end();\n````\n',
21 silly publish   readmeFilename: 'README.md',
21 silly publish   gitHead: '6464659eb7b9412d3ed8e6b758ae268d23bf80f5',
21 silly publish   bugs: { url: 'https://github.com/Bacher/mysql-easy/issues' },
21 silly publish   homepage: 'https://github.com/Bacher/mysql-easy#readme',
21 silly publish   _id: 'mysql-easy@0.0.8',
21 silly publish   _shasum: '6986338e2f97ce30eb99b54c69726432c4f5bdbc',
21 silly publish   _from: '.' }
22 verbose getPublishConfig undefined
23 silly mapToRegistry name mysql-easy
24 silly mapToRegistry using default registry
25 silly mapToRegistry registry https://registry.npmjs.org/
26 silly mapToRegistry data Result {
26 silly mapToRegistry   raw: 'mysql-easy',
26 silly mapToRegistry   scope: null,
26 silly mapToRegistry   name: 'mysql-easy',
26 silly mapToRegistry   rawSpec: '',
26 silly mapToRegistry   spec: 'latest',
26 silly mapToRegistry   type: 'tag' }
27 silly mapToRegistry uri https://registry.npmjs.org/mysql-easy
28 verbose publish registryBase https://registry.npmjs.org/
29 silly publish uploading /home/ilebedev/.npm/mysql-easy/0.0.8/package.tgz
30 verbose request uri https://registry.npmjs.org/mysql-easy
31 verbose request sending authorization for write operation
32 info attempt registry request try #1 at 6:40:16 PM
33 verbose request using bearer token for auth
34 verbose request id ddc2eb3acde6987f
35 http request PUT https://registry.npmjs.org/mysql-easy
36 http 403 https://registry.npmjs.org/mysql-easy
37 verbose headers { 'content-type': 'application/json',
37 verbose headers   'cache-control': 'max-age=300',
37 verbose headers   'content-length': '95',
37 verbose headers   'accept-ranges': 'bytes',
37 verbose headers   date: 'Wed, 15 Jun 2016 15:40:18 GMT',
37 verbose headers   via: '1.1 varnish',
37 verbose headers   connection: 'keep-alive',
37 verbose headers   'x-served-by': 'cache-fra1221-FRA',
37 verbose headers   'x-cache': 'MISS',
37 verbose headers   'x-cache-hits': '0',
37 verbose headers   'x-timer': 'S1466005217.181437,VS0,VE1047',
37 verbose headers   vary: 'Accept-Encoding' }
38 verbose request invalidating /home/ilebedev/.npm/registry.npmjs.org/mysql-easy on PUT
39 error publish Failed PUT 403
40 verbose stack Error: "You cannot publish over the previously published version 0.0.8." : mysql-easy
40 verbose stack     at makeError (/usr/lib/node_modules/npm/node_modules/npm-registry-client/lib/request.js:264:12)
40 verbose stack     at CachingRegistryClient.<anonymous> (/usr/lib/node_modules/npm/node_modules/npm-registry-client/lib/request.js:252:14)
40 verbose stack     at Request._callback (/usr/lib/node_modules/npm/node_modules/npm-registry-client/lib/request.js:172:14)
40 verbose stack     at Request.self.callback (/usr/lib/node_modules/npm/node_modules/request/request.js:200:22)
40 verbose stack     at emitTwo (events.js:106:13)
40 verbose stack     at Request.emit (events.js:191:7)
40 verbose stack     at Request.<anonymous> (/usr/lib/node_modules/npm/node_modules/request/request.js:1067:10)
40 verbose stack     at emitOne (events.js:101:20)
40 verbose stack     at Request.emit (events.js:188:7)
40 verbose stack     at IncomingMessage.<anonymous> (/usr/lib/node_modules/npm/node_modules/request/request.js:988:12)
41 verbose statusCode 403
42 verbose pkgid mysql-easy
43 verbose cwd /home/ilebedev/projects/mysql-easy
44 error Linux 4.5.4-1-ARCH
45 error argv "/usr/bin/node" "/usr/bin/npm" "publish"
46 error node v6.2.0
47 error npm  v3.9.3
48 error code E403
49 error "You cannot publish over the previously published version 0.0.8." : mysql-easy
50 error If you need help, you may report this error at:
50 error     <https://github.com/npm/npm/issues>
51 verbose exit [ 1, true ]
